This is pdfTeX, Version 3.14159265-2.6-1.40.16 (TeX Live 2015) (preloaded format=pdflatex 2016.2.20)  20 FEB 2016 16:54
entering extended mode
 restricted \write18 enabled.
 %&-line parsing enabled.
**exercice05.tex
(./exercice05.tex
LaTeX2e <2015/01/01>
Babel <3.9l> and hyphenation patterns for 79 languages loaded.
! Undefined control sequence.
l.1 \subsection
               *{Exercice 5 [CORRIG√â 2 F√âVRIER]}
The control sequence at the end of the top line
of your error message was never \def'ed. If you have
misspelled it (e.g., `\hobx'), type `I' and the correct
spelling (e.g., `I\hbox'). Otherwise just continue,
and I'll forget about whatever was undefined.


! LaTeX Error: Missing \begin{document}.

See the LaTeX manual or LaTeX Companion for explanation.
Type  H <return>  for immediate help.
 ...                                              
                                                  
l.1 \subsection*
                {Exercice 5 [CORRIG√â 2 F√âVRIER]}
You're in trouble here.  Try typing  <return>  to proceed.
If that doesn't work, type  X <return>  to quit.

Missing character: There is no * in font nullfont!
Missing character: There is no E in font nullfont!
Missing character: There is no x in font nullfont!
Missing character: There is no e in font nullfont!
Missing character: There is no r in font nullfont!
Missing character: There is no c in font nullfont!
Missing character: There is no i in font nullfont!
Missing character: There is no c in font nullfont!
Missing character: There is no e in font nullfont!
Missing character: There is no 5 in font nullfont!
Missing character: There is no [ in font nullfont!
Missing character: There is no C in font nullfont!
Missing character: There is no O in font nullfont!
Missing character: There is no R in font nullfont!
Missing character: There is no R in font nullfont!
Missing character: There is no I in font nullfont!
Missing character: There is no G in font nullfont!
Missing character: There is no √ in font nullfont!
Missing character: There is no â in font nullfont!
Missing character: There is no 2 in font nullfont!
Missing character: There is no F in font nullfont!
Missing character: There is no √ in font nullfont!
Missing character: There is no â in font nullfont!
Missing character: There is no V in font nullfont!
Missing character: There is no R in font nullfont!
Missing character: There is no I in font nullfont!
Missing character: There is no E in font nullfont!
Missing character: There is no R in font nullfont!
Missing character: There is no ] in font nullfont!
Missing character: There is no ‚ in font cmti10!
Missing character: There is no Ä in font cmti10!
Missing character: There is no ô in font cmti10!
Missing character: There is no ‚ in font cmti10!
Missing character: There is no Ä in font cmti10!
Missing character: There is no ô in font cmti10!
Missing character: There is no √ in font cmti10!
Missing character: There is no © in font cmti10!
Missing character: There is no √ in font cmti10!
Missing character: There is no © in font cmti10!
Missing character: There is no ‚ in font cmti10!
Missing character: There is no Ä in font cmti10!
Missing character: There is no ù in font cmti10!
Missing character: There is no √ in font cmti10!
Missing character: There is no ™ in font cmti10!
Missing character: There is no ‚ in font cmti10!
Missing character: There is no Ä in font cmti10!
Missing character: There is no ù in font cmti10!
Missing character: There is no ‚ in font cmti10!
Missing character: There is no Ä in font cmti10!
Missing character: There is no ô in font cmti10!
Missing character: There is no √ in font cmti10!
Missing character: There is no © in font cmti10!
Missing character: There is no √ in font cmti10!
Missing character: There is no © in font cmti10!
Missing character: There is no ‚ in font cmti10!
Missing character: There is no Ä in font cmti10!
Missing character: There is no ù in font cmti10!
Missing character: There is no √ in font cmti10!
Missing character: There is no ™ in font cmti10!
Missing character: There is no ‚ in font cmti10!
Missing character: There is no Ä in font cmti10!
Missing character: There is no ù in font cmti10!
Missing character: There is no ‚ in font cmti10!
Missing character: There is no Ä in font cmti10!
Missing character: There is no ô in font cmti10!
Missing character: There is no √ in font cmti10!
Missing character: There is no © in font cmti10!
Missing character: There is no √ in font cmti10!
Missing character: There is no © in font cmti10!
Missing character: There is no √ in font cmti10!
Missing character: There is no © in font cmti10!
LaTeX Font Info:    External font `cmex10' loaded for size
(Font)              <7> on input line 5.
LaTeX Font Info:    External font `cmex10' loaded for size
(Font)              <5> on input line 5.
! Undefined control sequence.
<recently read> \Pro 
                     
l.5         $\forall{e} \in \Omega$   $\Pro
                                           (e) = \frac{1}{|\Omega|}$
The control sequence at the end of the top line
of your error message was never \def'ed. If you have
misspelled it (e.g., `\hobx'), type `I' and the correct
spelling (e.g., `I\hbox'). Otherwise just continue,
and I'll forget about whatever was undefined.

Missing character: There is no e in font nullfont!
Missing character: There is no t in font nullfont!
Missing character: There is no s in font nullfont!
Missing character: There is no o in font nullfont!
Missing character: There is no n in font nullfont!
Missing character: There is no t in font nullfont!
Missing character: There is no i in font nullfont!
Missing character: There is no n in font nullfont!
Missing character: There is no d in font nullfont!
Missing character: There is no e in font nullfont!
Missing character: There is no p in font nullfont!
Missing character: There is no e in font nullfont!
Missing character: There is no n in font nullfont!
Missing character: There is no d in font nullfont!
Missing character: There is no e in font nullfont!
Missing character: There is no n in font nullfont!
Missing character: There is no t in font nullfont!
Missing character: There is no , in font nullfont!
Missing character: There is no d in font nullfont!
Missing character: There is no o in font nullfont!
Missing character: There is no n in font nullfont!
Missing character: There is no c in font nullfont!
Missing character: There is no : in font nullfont!
! Undefined control sequence.
l.7     $A$ et $B$ sont independent, donc: $ \Pro
                                                 (A \cap B) = \Pro(A) \times...
The control sequence at the end of the top line
of your error message was never \def'ed. If you have
misspelled it (e.g., `\hobx'), type `I' and the correct
spelling (e.g., `I\hbox'). Otherwise just continue,
and I'll forget about whatever was undefined.

! Undefined control sequence.
l.7 ... independent, donc: $ \Pro(A \cap B) = \Pro
                                                  (A) \times \Pro(B)$
The control sequence at the end of the top line
of your error message was never \def'ed. If you have
misspelled it (e.g., `\hobx'), type `I' and the correct
spelling (e.g., `I\hbox'). Otherwise just continue,
and I'll forget about whatever was undefined.

! Undefined control sequence.
l.7 ...onc: $ \Pro(A \cap B) = \Pro(A) \times \Pro
                                                  (B)$
The control sequence at the end of the top line
of your error message was never \def'ed. If you have
misspelled it (e.g., `\hobx'), type `I' and the correct
spelling (e.g., `I\hbox'). Otherwise just continue,
and I'll forget about whatever was undefined.


Overfull \hbox (20.0pt too wide) in paragraph at lines 1--8
[]
 []


Overfull \hbox (13.28882pt too wide) in paragraph at lines 1--8
\OT1/cmr/m/it/10 On
 []


Overfull \hbox (14.6943pt too wide) in paragraph at lines 1--8
\OT1/cmr/m/it/10 tire
 []


Overfull \hbox (19.71655pt too wide) in paragraph at lines 1--8
\OT1/cmr/m/it/10 deux
 []


Overfull \hbox (25.42757pt too wide) in paragraph at lines 1--8
\OT1/cmr/m/it/10 cartes
 []


Overfull \hbox (16.09991pt too wide) in paragraph at lines 1--8
\OT1/cmr/m/it/10 dun
 []


Overfull \hbox (13.03325pt too wide) in paragraph at lines 1--8
\OT1/cmr/m/it/10 jeu
 []


Overfull \hbox (9.71104pt too wide) in paragraph at lines 1--8
\OT1/cmr/m/it/10 de
 []


Overfull \hbox (10.22217pt too wide) in paragraph at lines 1--8
\OT1/cmr/m/it/10 52
 []


Overfull \hbox (28.49422pt too wide) in paragraph at lines 1--8
\OT1/cmr/m/it/10 cartes.
 []


Overfull \hbox (17.12212pt too wide) in paragraph at lines 1--8
\OT1/cmr/m/it/10 Soit
 []


Overfull \hbox (7.43329pt too wide) in paragraph at lines 1--8
\OT1/cmr/m/it/10 A
 []


Overfull \hbox (20.9554pt too wide) in paragraph at lines 1--8
\OT1/cmr/m/it/10 lvne-
 []


Overfull \hbox (21.72208pt too wide) in paragraph at lines 1--8
\OT1/cmr/m/it/10 ment
 []


Overfull \hbox (11.24437pt too wide) in paragraph at lines 1--8
\OT1/cmr/m/it/10 les
 []


Overfull \hbox (19.71655pt too wide) in paragraph at lines 1--8
\OT1/cmr/m/it/10 deux
 []


Overfull \hbox (25.42757pt too wide) in paragraph at lines 1--8
\OT1/cmr/m/it/10 cartes
 []


Overfull \hbox (14.05547pt too wide) in paragraph at lines 1--8
\OT1/cmr/m/it/10 ont
 []


Overfull \hbox (7.66663pt too wide) in paragraph at lines 1--8
\OT1/cmr/m/it/10 la
 []


Overfull \hbox (20.95543pt too wide) in paragraph at lines 1--8
\OT1/cmr/m/it/10 mme
 []


Overfull \hbox (26.44981pt too wide) in paragraph at lines 1--8
\OT1/cmr/m/it/10 valeur
 []


Overfull \hbox (7.92215pt too wide) in paragraph at lines 1--8
\OT1/cmr/m/it/10 et
 []


Overfull \hbox (7.03885pt too wide) in paragraph at lines 1--8
\OT1/cmr/m/it/10 B
 []


Overfull \hbox (20.9554pt too wide) in paragraph at lines 1--8
\OT1/cmr/m/it/10 lvne-
 []


Overfull \hbox (21.72208pt too wide) in paragraph at lines 1--8
\OT1/cmr/m/it/10 ment
 []


Overfull \hbox (11.24437pt too wide) in paragraph at lines 1--8
\OT1/cmr/m/it/10 les
 []


Overfull \hbox (19.71655pt too wide) in paragraph at lines 1--8
\OT1/cmr/m/it/10 deux
 []


Overfull \hbox (25.42757pt too wide) in paragraph at lines 1--8
\OT1/cmr/m/it/10 cartes
 []


Overfull \hbox (14.05547pt too wide) in paragraph at lines 1--8
\OT1/cmr/m/it/10 ont
 []


Overfull \hbox (7.66663pt too wide) in paragraph at lines 1--8
\OT1/cmr/m/it/10 la
 []


Overfull \hbox (20.95543pt too wide) in paragraph at lines 1--8
\OT1/cmr/m/it/10 mme
 []


Overfull \hbox (34.37198pt too wide) in paragraph at lines 1--8
\OT1/cmr/m/it/10 couleur.
 []


Overfull \hbox (32.46645pt too wide) in paragraph at lines 1--8
\OT1/cmr/m/it/10 Etudier
 []


Overfull \hbox (19.93321pt too wide) in paragraph at lines 1--8
\OT1/cmr/m/it/10 lind-
 []


Overfull \hbox (18.39986pt too wide) in paragraph at lines 1--8
\OT1/cmr/m/it/10 pen-
 []


Overfull \hbox (24.53316pt too wide) in paragraph at lines 1--8
\OT1/cmr/m/it/10 dance
 []


Overfull \hbox (13.79991pt too wide) in paragraph at lines 1--8
\OT1/cmr/m/it/10 des
 []


Overfull \hbox (18.39986pt too wide) in paragraph at lines 1--8
\OT1/cmr/m/it/10 vne-
 []


Overfull \hbox (25.81094pt too wide) in paragraph at lines 1--8
\OT1/cmr/m/it/10 ments
 []


Overfull \hbox (7.43329pt too wide) in paragraph at lines 1--8
\OT1/cmr/m/it/10 A
 []


Overfull \hbox (7.92215pt too wide) in paragraph at lines 1--8
\OT1/cmr/m/it/10 et
 []


Overfull \hbox (7.03885pt too wide) in paragraph at lines 1--8
\OT1/cmr/m/it/10 B
 []


Overfull \hbox (19.93323pt too wide) in paragraph at lines 1--8
\OT1/cmr/m/it/10 dans
 []


Overfull \hbox (11.24437pt too wide) in paragraph at lines 1--8
\OT1/cmr/m/it/10 les
 []


Overfull \hbox (13.28879pt too wide) in paragraph at lines 1--8
\OT1/cmr/m/it/10 cas
 []


Overfull \hbox (20.69986pt too wide) in paragraph at lines 1--8
\OT1/cmr/m/it/10 suiv-
 []


Overfull \hbox (18.14433pt too wide) in paragraph at lines 1--8
\OT1/cmr/m/it/10 ants
 []


Overfull \hbox (3.64859pt too wide) in paragraph at lines 1--8
\OT1/cmr/m/it/10 : 
 []


Overfull \hbox (19.65623pt too wide) in paragraph at lines 1--8
\OMS/cmsy/m/n/10 8\OML/cmm/m/it/10 e \OMS/cmsy/m/n/10 2
 []


Overfull \hbox (7.22223pt too wide) in paragraph at lines 1--8
\OT1/cmr/m/n/10 
$
 []


Overfull \hbox (22.98958pt too wide) in paragraph at lines 1--8
\OT1/cmr/m/n/10 (\OML/cmm/m/it/10 e\OT1/cmr/m/n/10 ) =
 []


Overfull \hbox (12.85835pt too wide) in paragraph at lines 1--8
[]$ 
 []


Overfull \hbox (7.50002pt too wide) in paragraph at lines 1--8
\OML/cmm/m/it/10 A$
 []


Overfull \hbox (8.0868pt too wide) in paragraph at lines 1--8
\OML/cmm/m/it/10 B$
 []


Overfull \hbox (18.0556pt too wide) in paragraph at lines 1--8
\OT1/cmr/m/n/10 (\OML/cmm/m/it/10 A \OMS/cmsy/m/n/10 \
 []


Overfull \hbox (22.53122pt too wide) in paragraph at lines 1--8
\OML/cmm/m/it/10 B\OT1/cmr/m/n/10 ) =
 []


Overfull \hbox (23.05562pt too wide) in paragraph at lines 1--8
\OT1/cmr/m/n/10 (\OML/cmm/m/it/10 A\OT1/cmr/m/n/10 ) \OMS/cmsy/m/n/10 ^^B
 []


Overfull \hbox (15.86461pt too wide) in paragraph at lines 1--8
\OT1/cmr/m/n/10 (\OML/cmm/m/it/10 B\OT1/cmr/m/n/10 )$ 
 []

Missing character: There is no ( in font nullfont!
Missing character: There is no A in font nullfont!
Missing character: There is no ) in font nullfont!
Missing character: There is no √ in font cmti10!
Missing character: There is no ® in font cmti10!
! Undefined control sequence.
<recently read> \Pro 
                     
l.11     $\Pro
              (A) = \frac{52 \times 4}{52^2} = \frac{1}{13}$
The control sequence at the end of the top line
of your error message was never \def'ed. If you have
misspelled it (e.g., `\hobx'), type `I' and the correct
spelling (e.g., `I\hbox'). Otherwise just continue,
and I'll forget about whatever was undefined.

! Undefined control sequence.
<recently read> \Pro 
                     
l.14     $\Pro
              (B) = \frac{52 \times 13}{52^2} = \frac{1}{4}$
The control sequence at the end of the top line
of your error message was never \def'ed. If you have
misspelled it (e.g., `\hobx'), type `I' and the correct
spelling (e.g., `I\hbox'). Otherwise just continue,
and I'll forget about whatever was undefined.

! Undefined control sequence.
<recently read> \Pro 
                     
l.17     $\Pro
              (A \cap B) = \frac{52 \times 1}{52^2} = \frac{1}{52}$
The control sequence at the end of the top line
of your error message was never \def'ed. If you have
misspelled it (e.g., `\hobx'), type `I' and the correct
spelling (e.g., `I\hbox'). Otherwise just continue,
and I'll forget about whatever was undefined.

! Undefined control sequence.
<recently read> \Pro 
                     
l.20     $\Pro
              _B(A) = \frac{\Pro(B \cap A)}{\Pro(B)} = \frac{\frac{1}{52}}{\...
The control sequence at the end of the top line
of your error message was never \def'ed. If you have
misspelled it (e.g., `\hobx'), type `I' and the correct
spelling (e.g., `I\hbox'). Otherwise just continue,
and I'll forget about whatever was undefined.

! Undefined control sequence.
<argument> \Pro 
                (B \cap A)
l.20 ...\Pro_B(A) = \frac{\Pro(B \cap A)}{\Pro(B)}
                                                   = \frac{\frac{1}{52}}{\fr...
The control sequence at the end of the top line
of your error message was never \def'ed. If you have
misspelled it (e.g., `\hobx'), type `I' and the correct
spelling (e.g., `I\hbox'). Otherwise just continue,
and I'll forget about whatever was undefined.

! Undefined control sequence.
<argument> \Pro 
                (B)
l.20 ...\Pro_B(A) = \frac{\Pro(B \cap A)}{\Pro(B)}
                                                   = \frac{\frac{1}{52}}{\fr...
The control sequence at the end of the top line
of your error message was never \def'ed. If you have
misspelled it (e.g., `\hobx'), type `I' and the correct
spelling (e.g., `I\hbox'). Otherwise just continue,
and I'll forget about whatever was undefined.

! Undefined control sequence.
<recently read> \Pro 
                     
l.23     $\Pro
              (A \cup B) = \frac{1}{52} = \Pro(B)$
The control sequence at the end of the top line
of your error message was never \def'ed. If you have
misspelled it (e.g., `\hobx'), type `I' and the correct
spelling (e.g., `I\hbox'). Otherwise just continue,
and I'll forget about whatever was undefined.

! Undefined control sequence.
l.23     $\Pro(A \cup B) = \frac{1}{52} = \Pro
                                              (B)$
The control sequence at the end of the top line
of your error message was never \def'ed. If you have
misspelled it (e.g., `\hobx'), type `I' and the correct
spelling (e.g., `I\hbox'). Otherwise just continue,
and I'll forget about whatever was undefined.


Overfull \hbox (10.73328pt too wide) in paragraph at lines 9--24
\OT1/cmr/m/it/10 on
 []


Overfull \hbox (24.40535pt too wide) in paragraph at lines 9--24
\OT1/cmr/m/it/10 remet
 []


Overfull \hbox (19.93323pt too wide) in paragraph at lines 9--24
\OT1/cmr/m/it/10 dans
 []


Overfull \hbox (7.1555pt too wide) in paragraph at lines 9--24
\OT1/cmr/m/it/10 le
 []


Overfull \hbox (13.03325pt too wide) in paragraph at lines 9--24
\OT1/cmr/m/it/10 jeu
 []


Overfull \hbox (7.66663pt too wide) in paragraph at lines 9--24
\OT1/cmr/m/it/10 la
 []


Overfull \hbox (16.9943pt too wide) in paragraph at lines 9--24
\OT1/cmr/m/it/10 pre-
 []


Overfull \hbox (19.54985pt too wide) in paragraph at lines 9--24
\OT1/cmr/m/it/10 mire
 []


Overfull \hbox (21.3387pt too wide) in paragraph at lines 9--24
\OT1/cmr/m/it/10 carte
 []


Overfull \hbox (23.76651pt too wide) in paragraph at lines 9--24
\OT1/cmr/m/it/10 avant
 []


Overfull \hbox (9.71104pt too wide) in paragraph at lines 9--24
\OT1/cmr/m/it/10 de
 []


Overfull \hbox (18.91093pt too wide) in paragraph at lines 9--24
\OT1/cmr/m/it/10 tirer
 []


Overfull \hbox (7.66663pt too wide) in paragraph at lines 9--24
\OT1/cmr/m/it/10 la
 []


Overfull \hbox (16.35541pt too wide) in paragraph at lines 9--24
\OT1/cmr/m/it/10 sec-
 []


Overfull \hbox (21.19571pt too wide) in paragraph at lines 9--24
\OT1/cmr/m/it/10 onde 
 []


Overfull \hbox (25.83333pt too wide) in paragraph at lines 9--24
\OT1/cmr/m/n/10 (\OML/cmm/m/it/10 A\OT1/cmr/m/n/10 ) =
 []


Overfull \hbox (31.16391pt too wide) in paragraph at lines 9--24
[] \OT1/cmr/m/n/10 =
 []


Overfull \hbox (10.37225pt too wide) in paragraph at lines 9--24
[]$ 
 []


Overfull \hbox (26.42012pt too wide) in paragraph at lines 9--24
\OT1/cmr/m/n/10 (\OML/cmm/m/it/10 B\OT1/cmr/m/n/10 ) =
 []


Overfull \hbox (35.15004pt too wide) in paragraph at lines 9--24
[] \OT1/cmr/m/n/10 =
 []


Overfull \hbox (6.38612pt too wide) in paragraph at lines 9--24
[]$ 
 []


Overfull \hbox (18.0556pt too wide) in paragraph at lines 9--24
\OT1/cmr/m/n/10 (\OML/cmm/m/it/10 A \OMS/cmsy/m/n/10 \
 []


Overfull \hbox (22.53122pt too wide) in paragraph at lines 9--24
\OML/cmm/m/it/10 B\OT1/cmr/m/n/10 ) =
 []


Overfull \hbox (31.16391pt too wide) in paragraph at lines 9--24
[] \OT1/cmr/m/n/10 =
 []


Overfull \hbox (10.37225pt too wide) in paragraph at lines 9--24
[]$ 
 []


Overfull \hbox (32.71632pt too wide) in paragraph at lines 9--24
[]\OT1/cmr/m/n/10 (\OML/cmm/m/it/10 A\OT1/cmr/m/n/10 ) =
 []


Overfull \hbox (36.99135pt too wide) in paragraph at lines 9--24
[] \OT1/cmr/m/n/10 =
 []


Overfull \hbox (22.16116pt too wide) in paragraph at lines 9--24
[] \OT1/cmr/m/n/10 =
 []


Overfull \hbox (10.37225pt too wide) in paragraph at lines 9--24
[]$ 
 []


Overfull \hbox (18.0556pt too wide) in paragraph at lines 9--24
\OT1/cmr/m/n/10 (\OML/cmm/m/it/10 A \OMS/cmsy/m/n/10 [
 []


Overfull \hbox (22.53122pt too wide) in paragraph at lines 9--24
\OML/cmm/m/it/10 B\OT1/cmr/m/n/10 ) =
 []


Overfull \hbox (20.92776pt too wide) in paragraph at lines 9--24
[] \OT1/cmr/m/n/10 =
 []


Overfull \hbox (15.86461pt too wide) in paragraph at lines 9--24
\OT1/cmr/m/n/10 (\OML/cmm/m/it/10 B\OT1/cmr/m/n/10 )$ 
 []

Missing character: There is no ( in font nullfont!
Missing character: There is no B in font nullfont!
Missing character: There is no ) in font nullfont!
Missing character: There is no √ in font cmti10!
Missing character: There is no © in font cmti10!
! Undefined control sequence.
<recently read> \Pro 
                     
l.30     $\Pro
              (A) = \frac{52 \times 3}{52 \times 51} = \frac{3}{51}$
The control sequence at the end of the top line
of your error message was never \def'ed. If you have
misspelled it (e.g., `\hobx'), type `I' and the correct
spelling (e.g., `I\hbox'). Otherwise just continue,
and I'll forget about whatever was undefined.

! Undefined control sequence.
<recently read> \Pro 
                     
l.33     $\Pro
              (B) = \frac{52 \times 12}{52 \times 51} = \frac{12}{51}$
The control sequence at the end of the top line
of your error message was never \def'ed. If you have
misspelled it (e.g., `\hobx'), type `I' and the correct
spelling (e.g., `I\hbox'). Otherwise just continue,
and I'll forget about whatever was undefined.

! Undefined control sequence.
<recently read> \Pro 
                     
l.36     $\Pro
              (A \cap B) = \Pro(\{\}) = 0 \text{   Donc, don independants}$
The control sequence at the end of the top line
of your error message was never \def'ed. If you have
misspelled it (e.g., `\hobx'), type `I' and the correct
spelling (e.g., `I\hbox'). Otherwise just continue,
and I'll forget about whatever was undefined.

! Undefined control sequence.
l.36     $\Pro(A \cap B) = \Pro
                               (\{\}) = 0 \text{   Donc, don independants}$
The control sequence at the end of the top line
of your error message was never \def'ed. If you have
misspelled it (e.g., `\hobx'), type `I' and the correct
spelling (e.g., `I\hbox'). Otherwise just continue,
and I'll forget about whatever was undefined.

! Undefined control sequence.
l.36     $\Pro(A \cap B) = \Pro(\{\}) = 0 \text
                                               {   Donc, don independants}$
The control sequence at the end of the top line
of your error message was never \def'ed. If you have
misspelled it (e.g., `\hobx'), type `I' and the correct
spelling (e.g., `I\hbox'). Otherwise just continue,
and I'll forget about whatever was undefined.


Overfull \hbox (10.73328pt too wide) in paragraph at lines 25--37
\OT1/cmr/m/it/10 on
 []


Overfull \hbox (14.6943pt too wide) in paragraph at lines 25--37
\OT1/cmr/m/it/10 tire
 []


Overfull \hbox (11.24437pt too wide) in paragraph at lines 25--37
\OT1/cmr/m/it/10 les
 []


Overfull \hbox (19.71655pt too wide) in paragraph at lines 25--37
\OT1/cmr/m/it/10 deux
 []


Overfull \hbox (25.42757pt too wide) in paragraph at lines 25--37
\OT1/cmr/m/it/10 cartes
 []


Overfull \hbox (10.73326pt too wide) in paragraph at lines 25--37
\OT1/cmr/m/it/10 si-
 []


Overfull \hbox (19.67766pt too wide) in paragraph at lines 25--37
\OT1/cmr/m/it/10 mul-
 []


Overfull \hbox (17.63321pt too wide) in paragraph at lines 25--37
\OT1/cmr/m/it/10 tan-
 []


Overfull \hbox (24.78873pt too wide) in paragraph at lines 25--37
\OT1/cmr/m/it/10 ment. 
 []


Overfull \hbox (17.77774pt too wide) in paragraph at lines 25--37
\OT1/cmr/m/n/10 
 =
 []


Overfull \hbox (47.08559pt too wide) in paragraph at lines 25--37
\OMS/cmsy/m/n/10 f\OT1/cmr/m/n/10 (\OML/cmm/m/it/10 a; b\OT1/cmr/m/n/10 )\OML/c
mm/m/it/10 ; a \OMS/cmsy/m/n/10 6\OT1/cmr/m/n/10 =
 []


Overfull \hbox (9.29167pt too wide) in paragraph at lines 25--37
\OML/cmm/m/it/10 b\OMS/cmsy/m/n/10 g[] 
 []


Overfull \hbox (23.33331pt too wide) in paragraph at lines 25--37
\OMS/cmsy/m/n/10 j\OT1/cmr/m/n/10 
\OMS/cmsy/m/n/10 j \OT1/cmr/m/n/10 =
 []


Overfull \hbox (17.77783pt too wide) in paragraph at lines 25--37
\OT1/cmr/m/n/10 52 \OMS/cmsy/m/n/10 ^^B
 []


Overfull \hbox (10.00003pt too wide) in paragraph at lines 25--37
\OT1/cmr/m/n/10 51$ 
 []


Overfull \hbox (25.83333pt too wide) in paragraph at lines 25--37
\OT1/cmr/m/n/10 (\OML/cmm/m/it/10 A\OT1/cmr/m/n/10 ) =
 []


Overfull \hbox (35.15004pt too wide) in paragraph at lines 25--37
[] \OT1/cmr/m/n/10 =
 []


Overfull \hbox (10.37225pt too wide) in paragraph at lines 25--37
[]$ 
 []


Overfull \hbox (26.42012pt too wide) in paragraph at lines 25--37
\OT1/cmr/m/n/10 (\OML/cmm/m/it/10 B\OT1/cmr/m/n/10 ) =
 []


Overfull \hbox (35.15004pt too wide) in paragraph at lines 25--37
[] \OT1/cmr/m/n/10 =
 []


Overfull \hbox (10.37225pt too wide) in paragraph at lines 25--37
[]$ 
 []


Overfull \hbox (18.0556pt too wide) in paragraph at lines 25--37
\OT1/cmr/m/n/10 (\OML/cmm/m/it/10 A \OMS/cmsy/m/n/10 \
 []


Overfull \hbox (22.53122pt too wide) in paragraph at lines 25--37
\OML/cmm/m/it/10 B\OT1/cmr/m/n/10 ) =
 []


Overfull \hbox (28.33334pt too wide) in paragraph at lines 25--37
\OT1/cmr/m/n/10 (\OMS/cmsy/m/n/10 fg\OT1/cmr/m/n/10 ) =
 []


Overfull \hbox (109.02315pt too wide) in paragraph at lines 25--37
\OT1/cmr/m/n/10 0[]$ 
 []

)
! Emergency stop.
<*> exercice05.tex
                  
*** (job aborted, no legal \end found)

 
Here is how much of TeX's memory you used:
 13 strings out of 493089
 211 string characters out of 6134842
 58199 words of memory out of 5000000
 3597 multiletter control sequences out of 15000+600000
 3986 words of font info for 15 fonts, out of 8000000 for 9000
 1141 hyphenation exceptions out of 8191
 18i,3n,12p,290b,103s stack positions out of 5000i,500n,10000p,200000b,80000s
!  ==> Fatal error occurred, no output PDF file produced!
